Using pre-set license
Built from 'trunk' branch; Version is '2020.2.0b2 (90b2443a8df1) revision 9482820'; Using compiler version '192528614'; Build Type 'Release'
OS: 'Windows 10  (10.0.0) 64bit' Language: 'pl' Physical Memory: 16227 MB
BatchMode: 1, IsHumanControllingUs: 0, StartBugReporterOnCrash: 0, Is64bit: 1, IsPro: 0

 COMMAND LINE ARGUMENTS:
D:\zzzzzzzzzzzzzzzzzzzzzzzzzzzzzzzzzzz\Unity\2020.2.0b2\Editor\Unity.exe
-adb2
-batchMode
-noUpm
-name
AssetImportWorker1
-projectPath
D:/zzzzzzzzzzzzzzzzzzzzzzzzzzzzzzzzzzz/Gierka Unity/SPEC-crowler
-logFile
Logs/AssetImportWorker1.log
-srvPort
61511
Successfully changed project path to: D:/zzzzzzzzzzzzzzzzzzzzzzzzzzzzzzzzzzz/Gierka Unity/SPEC-crowler
D:/zzzzzzzzzzzzzzzzzzzzzzzzzzzzzzzzzzz/Gierka Unity/SPEC-crowler
Using Asset Import Pipeline V2.
Refreshing native plugins compatible for Editor in 55.76 ms, found 1 plugins.
Preloading 0 native plugins for Editor in 0.00 ms.
Initialize engine version: 2020.2.0b2 (90b2443a8df1)
[Subsystems] Discovering subsystems at path D:/zzzzzzzzzzzzzzzzzzzzzzzzzzzzzzzzzzz/Unity/2020.2.0b2/Editor/Data/Resources/UnitySubsystems
[Subsystems] Discovering subsystems at path D:/zzzzzzzzzzzzzzzzzzzzzzzzzzzzzzzzzzz/Gierka Unity/SPEC-crowler/Assets
GfxDevice: creating device client; threaded=0
Direct3D:
    Version:  Direct3D 11.0 [level 11.1]
    Renderer: NVIDIA GeForce GTX 1050 Ti (ID=0x1c8c)
    Vendor:   
    VRAM:     4021 MB
    Driver:   27.21.14.6589
Shader 'Universal Render Pipeline/Particles/Lit': fallback shader 'Universal Render Pipeline/Particles/SimpleLit' not found
Initialize mono
Mono path[0] = 'D:/zzzzzzzzzzzzzzzzzzzzzzzzzzzzzzzzzzz/Unity/2020.2.0b2/Editor/Data/Managed'
Mono path[1] = 'D:/zzzzzzzzzzzzzzzzzzzzzzzzzzzzzzzzzzz/Unity/2020.2.0b2/Editor/Data/MonoBleedingEdge/lib/mono/unityjit'
Mono config path = 'D:/zzzzzzzzzzzzzzzzzzzzzzzzzzzzzzzzzzz/Unity/2020.2.0b2/Editor/Data/MonoBleedingEdge/etc'
Using monoOptions --debugger-agent=transport=dt_socket,embedding=1,server=y,suspend=n,address=127.0.0.1:56828
Begin MonoManager ReloadAssembly
Registering precompiled unity dll's ...
Register platform support module: D:/zzzzzzzzzzzzzzzzzzzzzzzzzzzzzzzzzzz/Unity/2020.2.0b2/Editor/Data/PlaybackEngines/WindowsStandaloneSupport/UnityEditor.WindowsStandalone.Extensions.dll
Registered in 0.001107 seconds.
Native extension for WindowsStandalone target not found
Refreshing native plugins compatible for Editor in 45.41 ms, found 1 plugins.
Preloading 0 native plugins for Editor in 0.00 ms.
Invoked RoslynAnalysisRunner static constructor.
RoslynAnalysisRunner will not be running.
RoslynAnalysisRunner has terminated.
Mono: successfully reloaded assembly
- Completed reload, in  1.251 seconds
Registering precompiled user dll's ...
Registered in 0.145093 seconds.
Platform modules already initialized, skipping
Begin MonoManager ReloadAssembly
Symbol file LoadedFromMemory doesn't match image D:\zzzzzzzzzzzzzzzzzzzzzzzzzzzzzzzzzzz\Gierka Unity\SPEC-crowler\Library\PackageCache\com.unity.ext.nunit@1.0.0\net35\unity-custom\nunit.framework.dll
Native extension for WindowsStandalone target not found
Refreshing native plugins compatible for Editor in 52.95 ms, found 1 plugins.
Preloading 0 native plugins for Editor in 0.00 ms.
Invoked RoslynAnalysisRunner static constructor.
RoslynAnalysisRunner will not be running.
RoslynAnalysisRunner has terminated.
Mono: successfully reloaded assembly
- Completed reload, in  0.894 seconds
Platform modules already initialized, skipping
========================================================================
Worker process is ready to serve import requests
Shader 'Universal Render Pipeline/Particles/Lit': fallback shader 'Universal Render Pipeline/Particles/SimpleLit' not found
Launched and connected shader compiler UnityShaderCompiler.exe after 0.03 seconds
Refreshing native plugins compatible for Editor in 0.50 ms, found 1 plugins.
Preloading 0 native plugins for Editor in 0.00 ms.
Unloading 2884 Unused Serialized files (Serialized files now loaded: 0)
System memory in use before: 128.8 MB.
System memory in use after: 129.0 MB.

Unloading 9 unused Assets to reduce memory usage. Loaded Objects now: 3331.
Total: 2.256300 ms (FindLiveObjects: 0.404700 ms CreateObjectMapping: 0.137200 ms MarkObjects: 1.665600 ms  DeleteObjects: 0.047600 ms)

========================================================================
Received Import Request.
  path: Assets/Postac/Przeciwnik/Szczur_anim/szcur.controller
  artifactKey: Guid(b4fdf55468267124bafc2e6f64bb494f) Importer(815301076,1909f56bfc062723c751e8b465ee728b)
Start importing Assets/Postac/Przeciwnik/Szczur_anim/szcur.controller using Guid(b4fdf55468267124bafc2e6f64bb494f) Importer(815301076,1909f56bfc062723c751e8b465ee728b)  -> (artifact id: '69875810e78027f9a968005f2c76f927') in 0.039493 seconds
  Import took 0.044575 seconds .

========================================================================
Received Import Request.
  Time since last request: 0.000310 seconds.
  path: Assets/Spear.cs
  artifactKey: Guid(e01d5ba5460fa004cbc37a8b75e3bd44) Importer(815301076,1909f56bfc062723c751e8b465ee728b)
Start importing Assets/Spear.cs using Guid(e01d5ba5460fa004cbc37a8b75e3bd44) Importer(815301076,1909f56bfc062723c751e8b465ee728b)  -> (artifact id: '820286a7faf8158aacf94d11c28cd25f') in 0.010685 seconds
  Import took 0.016057 seconds .

========================================================================
Received Import Request.
  Time since last request: 0.000331 seconds.
  path: Assets/Items/Spear anim/spear.anim
  artifactKey: Guid(e7936920b9e63ba48b3cc45f4c60f80d) Importer(815301076,1909f56bfc062723c751e8b465ee728b)
Start importing Assets/Items/Spear anim/spear.anim using Guid(e7936920b9e63ba48b3cc45f4c60f80d) Importer(815301076,1909f56bfc062723c751e8b465ee728b)  -> (artifact id: '8ee5d8f158079fe87e57a375f084f6f2') in 0.003744 seconds
  Import took 0.010084 seconds .

========================================================================
Received Import Request.
  Time since last request: 0.000329 seconds.
  path: Assets/Des_Sz.cs
  artifactKey: Guid(8711985908f57434eb8ced718d0939da) Importer(815301076,1909f56bfc062723c751e8b465ee728b)
Start importing Assets/Des_Sz.cs using Guid(8711985908f57434eb8ced718d0939da) Importer(815301076,1909f56bfc062723c751e8b465ee728b)  -> (artifact id: 'b45ca8e706ba417aaaeb76cee60eedb6') in 0.002041 seconds
  Import took 0.007535 seconds .

========================================================================
Received Import Request.
  Time since last request: 0.000326 seconds.
  path: Assets/Items/Spear anim/destroy_anim0.controller
  artifactKey: Guid(5228a0b65769b2045b4b0bda3902ffdd) Importer(815301076,1909f56bfc062723c751e8b465ee728b)
Start importing Assets/Items/Spear anim/destroy_anim0.controller using Guid(5228a0b65769b2045b4b0bda3902ffdd) Importer(815301076,1909f56bfc062723c751e8b465ee728b)  -> (artifact id: '8f5b2f3270fd222d55da8dd38d61a5be') in 0.002442 seconds
  Import took 0.007393 seconds .

========================================================================
Received Import Request.
  Time since last request: 1.227135 seconds.
  path: Assets/Scenes/Game.unity
  artifactKey: Guid(2cda990e2423bbf4892e6590ba056729) Importer(815301076,1909f56bfc062723c751e8b465ee728b)
Start importing Assets/Scenes/Game.unity using Guid(2cda990e2423bbf4892e6590ba056729) Importer(815301076,1909f56bfc062723c751e8b465ee728b)  -> (artifact id: 'e5ac78275e963b55c3c5412fd82d0b11') in 0.002765 seconds
  Import took 0.009419 seconds .

========================================================================
Received Import Request.
  Time since last request: 0.002609 seconds.
  path: Assets/Scenes/Game.unity
  artifactKey: Guid(2cda990e2423bbf4892e6590ba056729) Importer(815301076,1909f56bfc062723c751e8b465ee728b)
Start importing Assets/Scenes/Game.unity using Guid(2cda990e2423bbf4892e6590ba056729) Importer(815301076,1909f56bfc062723c751e8b465ee728b)  -> (artifact id: 'e5ac78275e963b55c3c5412fd82d0b11') in 0.002273 seconds
  Import took 0.008143 seconds .

========================================================================
Received Prepare
Reloading mono domain
Begin MonoManager ReloadAssembly
Registering precompiled unity dll's ...
Register platform support module: D:/zzzzzzzzzzzzzzzzzzzzzzzzzzzzzzzzzzz/Unity/2020.2.0b2/Editor/Data/PlaybackEngines/WindowsStandaloneSupport/UnityEditor.WindowsStandalone.Extensions.dll
Registered in 0.001010 seconds.
Symbol file LoadedFromMemory doesn't match image D:\zzzzzzzzzzzzzzzzzzzzzzzzzzzzzzzzzzz\Gierka Unity\SPEC-crowler\Library\PackageCache\com.unity.ext.nunit@1.0.0\net35\unity-custom\nunit.framework.dll
Native extension for WindowsStandalone target not found
Refreshing native plugins compatible for Editor in 67.22 ms, found 1 plugins.
Preloading 0 native plugins for Editor in 0.00 ms.
Invoked RoslynAnalysisRunner static constructor.
RoslynAnalysisRunner will not be running.
RoslynAnalysisRunner has terminated.
Mono: successfully reloaded assembly
- Completed reload, in  0.972 seconds
Registering precompiled user dll's ...
Registered in 0.145320 seconds.
Platform modules already initialized, skipping
Begin MonoManager ReloadAssembly
Symbol file LoadedFromMemory doesn't match image D:\zzzzzzzzzzzzzzzzzzzzzzzzzzzzzzzzzzz\Gierka Unity\SPEC-crowler\Library\PackageCache\com.unity.ext.nunit@1.0.0\net35\unity-custom\nunit.framework.dll
Native extension for WindowsStandalone target not found
Refreshing native plugins compatible for Editor in 0.46 ms, found 1 plugins.
Preloading 0 native plugins for Editor in 0.00 ms.
Invoked RoslynAnalysisRunner static constructor.
RoslynAnalysisRunner will not be running.
RoslynAnalysisRunner has terminated.
Mono: successfully reloaded assembly
- Completed reload, in  0.893 seconds
Platform modules already initialized, skipping
Shader 'Universal Render Pipeline/Particles/Lit': fallback shader 'Universal Render Pipeline/Particles/SimpleLit' not found
Refreshing native plugins compatible for Editor in 0.49 ms, found 1 plugins.
Preloading 0 native plugins for Editor in 0.00 ms.
Unloading 11 Unused Serialized files (Serialized files now loaded: 0)
System memory in use before: 68.2 MB.
System memory in use after: 68.4 MB.

Unloading 9 unused Assets to reduce memory usage. Loaded Objects now: 3335.
Total: 2.273500 ms (FindLiveObjects: 0.365300 ms CreateObjectMapping: 0.147000 ms MarkObjects: 1.746200 ms  DeleteObjects: 0.014300 ms)

========================================================================
Received Prepare
Reloading mono domain
Begin MonoManager ReloadAssembly
Registering precompiled unity dll's ...
Register platform support module: D:/zzzzzzzzzzzzzzzzzzzzzzzzzzzzzzzzzzz/Unity/2020.2.0b2/Editor/Data/PlaybackEngines/WindowsStandaloneSupport/UnityEditor.WindowsStandalone.Extensions.dll
Registered in 0.001052 seconds.
Symbol file LoadedFromMemory doesn't match image D:\zzzzzzzzzzzzzzzzzzzzzzzzzzzzzzzzzzz\Gierka Unity\SPEC-crowler\Library\PackageCache\com.unity.ext.nunit@1.0.0\net35\unity-custom\nunit.framework.dll
Native extension for WindowsStandalone target not found
Refreshing native plugins compatible for Editor in 54.91 ms, found 1 plugins.
Preloading 0 native plugins for Editor in 0.00 ms.
Invoked RoslynAnalysisRunner static constructor.
RoslynAnalysisRunner will not be running.
RoslynAnalysisRunner has terminated.
Mono: successfully reloaded assembly
- Completed reload, in  1.027 seconds
Registering precompiled user dll's ...
Registered in 0.141359 seconds.
Platform modules already initialized, skipping
Begin MonoManager ReloadAssembly
Symbol file LoadedFromMemory doesn't match image D:\zzzzzzzzzzzzzzzzzzzzzzzzzzzzzzzzzzz\Gierka Unity\SPEC-crowler\Library\PackageCache\com.unity.ext.nunit@1.0.0\net35\unity-custom\nunit.framework.dll
Native extension for WindowsStandalone target not found
Refreshing native plugins compatible for Editor in 0.47 ms, found 1 plugins.
Preloading 0 native plugins for Editor in 0.00 ms.
Invoked RoslynAnalysisRunner static constructor.
RoslynAnalysisRunner will not be running.
RoslynAnalysisRunner has terminated.
Mono: successfully reloaded assembly
- Completed reload, in  0.940 seconds
Platform modules already initialized, skipping
Shader 'Universal Render Pipeline/Particles/Lit': fallback shader 'Universal Render Pipeline/Particles/SimpleLit' not found
Refreshing native plugins compatible for Editor in 0.47 ms, found 1 plugins.
Preloading 0 native plugins for Editor in 0.00 ms.
Unloading 11 Unused Serialized files (Serialized files now loaded: 0)
System memory in use before: 68.8 MB.
System memory in use after: 69.0 MB.

Unloading 9 unused Assets to reduce memory usage. Loaded Objects now: 3339.
Total: 3.064600 ms (FindLiveObjects: 0.404500 ms CreateObjectMapping: 0.162400 ms MarkObjects: 2.479100 ms  DeleteObjects: 0.017800 ms)

========================================================================
Received Prepare
Reloading mono domain
Begin MonoManager ReloadAssembly
Registering precompiled unity dll's ...
Register platform support module: D:/zzzzzzzzzzzzzzzzzzzzzzzzzzzzzzzzzzz/Unity/2020.2.0b2/Editor/Data/PlaybackEngines/WindowsStandaloneSupport/UnityEditor.WindowsStandalone.Extensions.dll
Registered in 0.001151 seconds.
Symbol file LoadedFromMemory doesn't match image D:\zzzzzzzzzzzzzzzzzzzzzzzzzzzzzzzzzzz\Gierka Unity\SPEC-crowler\Library\PackageCache\com.unity.ext.nunit@1.0.0\net35\unity-custom\nunit.framework.dll
Native extension for WindowsStandalone target not found
Refreshing native plugins compatible for Editor in 59.09 ms, found 1 plugins.
Preloading 0 native plugins for Editor in 0.00 ms.
Invoked RoslynAnalysisRunner static constructor.
RoslynAnalysisRunner will not be running.
RoslynAnalysisRunner has terminated.
Mono: successfully reloaded assembly
- Completed reload, in  1.116 seconds
Registering precompiled user dll's ...
Registered in 0.146763 seconds.
Platform modules already initialized, skipping
Begin MonoManager ReloadAssembly
Symbol file LoadedFromMemory doesn't match image D:\zzzzzzzzzzzzzzzzzzzzzzzzzzzzzzzzzzz\Gierka Unity\SPEC-crowler\Library\PackageCache\com.unity.ext.nunit@1.0.0\net35\unity-custom\nunit.framework.dll
Native extension for WindowsStandalone target not found
Refreshing native plugins compatible for Editor in 0.47 ms, found 1 plugins.
Preloading 0 native plugins for Editor in 0.00 ms.
Invoked RoslynAnalysisRunner static constructor.
RoslynAnalysisRunner will not be running.
RoslynAnalysisRunner has terminated.
Mono: successfully reloaded assembly
- Completed reload, in  1.111 seconds
Platform modules already initialized, skipping
Shader 'Universal Render Pipeline/Particles/Lit': fallback shader 'Universal Render Pipeline/Particles/SimpleLit' not found
Refreshing native plugins compatible for Editor in 0.55 ms, found 1 plugins.
Preloading 0 native plugins for Editor in 0.00 ms.
Unloading 11 Unused Serialized files (Serialized files now loaded: 0)
System memory in use before: 69.2 MB.
System memory in use after: 69.4 MB.

Unloading 9 unused Assets to reduce memory usage. Loaded Objects now: 3343.
Total: 2.334000 ms (FindLiveObjects: 0.405100 ms CreateObjectMapping: 0.196200 ms MarkObjects: 1.714400 ms  DeleteObjects: 0.017400 ms)

========================================================================
Received Prepare
Reloading mono domain
Begin MonoManager ReloadAssembly
Registering precompiled unity dll's ...
Register platform support module: D:/zzzzzzzzzzzzzzzzzzzzzzzzzzzzzzzzzzz/Unity/2020.2.0b2/Editor/Data/PlaybackEngines/WindowsStandaloneSupport/UnityEditor.WindowsStandalone.Extensions.dll
Registered in 0.001230 seconds.
Symbol file LoadedFromMemory doesn't match image D:\zzzzzzzzzzzzzzzzzzzzzzzzzzzzzzzzzzz\Gierka Unity\SPEC-crowler\Library\PackageCache\com.unity.ext.nunit@1.0.0\net35\unity-custom\nunit.framework.dll
Native extension for WindowsStandalone target not found
Refreshing native plugins compatible for Editor in 63.53 ms, found 1 plugins.
Preloading 0 native plugins for Editor in 0.00 ms.
Invoked RoslynAnalysisRunner static constructor.
RoslynAnalysisRunner will not be running.
RoslynAnalysisRunner has terminated.
Mono: successfully reloaded assembly
- Completed reload, in  1.270 seconds
Registering precompiled user dll's ...
Registered in 0.150405 seconds.
Platform modules already initialized, skipping
Begin MonoManager ReloadAssembly
Symbol file LoadedFromMemory doesn't match image D:\zzzzzzzzzzzzzzzzzzzzzzzzzzzzzzzzzzz\Gierka Unity\SPEC-crowler\Library\PackageCache\com.unity.ext.nunit@1.0.0\net35\unity-custom\nunit.framework.dll
Native extension for WindowsStandalone target not found
Refreshing native plugins compatible for Editor in 0.51 ms, found 1 plugins.
Preloading 0 native plugins for Editor in 0.00 ms.
Invoked RoslynAnalysisRunner static constructor.
RoslynAnalysisRunner will not be running.
RoslynAnalysisRunner has terminated.
Mono: successfully reloaded assembly
- Completed reload, in  1.164 seconds
Platform modules already initialized, skipping
Shader 'Universal Render Pipeline/Particles/Lit': fallback shader 'Universal Render Pipeline/Particles/SimpleLit' not found
Refreshing native plugins compatible for Editor in 0.51 ms, found 1 plugins.
Preloading 0 native plugins for Editor in 0.00 ms.
Unloading 11 Unused Serialized files (Serialized files now loaded: 0)
System memory in use before: 68.9 MB.
System memory in use after: 69.1 MB.

Unloading 9 unused Assets to reduce memory usage. Loaded Objects now: 3347.
Total: 3.437600 ms (FindLiveObjects: 0.604900 ms CreateObjectMapping: 0.278300 ms MarkObjects: 2.531800 ms  DeleteObjects: 0.020600 ms)

AssetImportWorkerClient::OnTransportError - code=2 error=End of file
